<?xml version="1.0" encoding="UTF-8"?>
<testng-results ignored="0" total="1" passed="1" failed="0" skipped="0">
  <reporter-output>
  </reporter-output>
  <suite started-at="2025-06-12T15:38:17 IST" name="Default suite" finished-at="2025-06-12T15:38:34 IST" duration-ms="17014">
    <groups>
    </groups>
    <test started-at="2025-06-12T15:38:17 IST" name="Default test" finished-at="2025-06-12T15:38:34 IST" duration-ms="17014">
      <class name="ksrtc1.KsrtcRunnerTest">
        <test-method is-config="true" signature="browserLanch()[pri:0, instance:ksrtc1.KsrtcRunnerTest@2d901eb0]" started-at="2025-06-12T15:38:17 IST" name="browserLanch" finished-at="2025-06-12T15:38:24 IST" duration-ms="6730" status="PASS">
          <reporter-output>
          </reporter-output>
        </test-method> <!-- browserLanch -->
        <test-method signature="functionalities()[pri:0, instance:ksrtc1.KsrtcRunnerTest@2d901eb0]" started-at="2025-06-12T15:38:24 IST" name="functionalities" finished-at="2025-06-12T15:38:34 IST" duration-ms="10198" status="PASS">
          <reporter-output>
          </reporter-output>
        </test-method> <!-- functionalities -->
      </class> <!-- ksrtc1.KsrtcRunnerTest -->
    </test> <!-- Default test -->
  </suite> <!-- Default suite -->
</testng-results>
